<?xml version="1.0" encoding="UTF-8"?>
<!-- Generated by org.testng.reporters.JUnitReportReporter -->
<testsuite hostname="DESKTOP-4VV88DL" failures="0" tests="1" name="testCases.LoginPageTest" time="15.036" errors="0" timestamp="2022-12-06T20:26:07 IST" skipped="0">
  <testcase classname="testCases.LoginPageTest" name="loginTest" time="15.036"/>
  <system-out/>
</testsuite> <!-- testCases.LoginPageTest -->
