<?xml version="1.0" encoding="UTF-8"?>
<!-- Generated by org.testng.reporters.JUnitReportReporter -->
<testsuite hostname="DESKTOP-4VV88DL" failures="0" tests="1" name="testCases.LoginPageTest" time="10.215" errors="0" timestamp="2022-12-06T13:02:09 IST" skipped="0">
  <testcase classname="testCases.LoginPageTest" name="loginTest" time="10.215"/>
  <system-out/>
</testsuite> <!-- testCases.LoginPageTest -->
