<?xml version="1.0" encoding="UTF-8"?>
<!-- Generated by org.testng.reporters.JUnitReportReporter -->
<testsuite hostname="DESKTOP-4VV88DL" failures="0" tests="1" name="testCases.LogoutTest" time="14.885" errors="0" timestamp="2022-12-06T20:31:21 IST" skipped="0">
  <testcase classname="testCases.LogoutTest" name="logoutTest" time="14.885"/>
  <system-out/>
</testsuite> <!-- testCases.LogoutTest -->
